c:\users\upal\desktop\v10.0.14_x86\temperature_sensor_x86_v10.0.14\zigbee\debug\vc140.pdb
c:\users\upal\desktop\v10.0.14_x86\temperature_sensor_x86_v10.0.14\zigbee\debug\vc140.idb
c:\users\upal\desktop\v10.0.14_x86\temperature_sensor_x86_v10.0.14\zigbee\debug\802_15_4.obj
c:\users\upal\desktop\v10.0.14_x86\temperature_sensor_x86_v10.0.14\zigbee\debug\agentmodel.obj
c:\users\upal\desktop\v10.0.14_x86\temperature_sensor_x86_v10.0.14\zigbee\debug\backoffcalculation.obj
c:\users\upal\desktop\v10.0.14_x86\temperature_sensor_x86_v10.0.14\zigbee\debug\bercalculation.obj
c:\users\upal\desktop\v10.0.14_x86\temperature_sensor_x86_v10.0.14\zigbee\debug\cca.obj
c:\users\upal\desktop\v10.0.14_x86\temperature_sensor_x86_v10.0.14\zigbee\debug\changeradiostate.obj
c:\users\upal\desktop\v10.0.14_x86\temperature_sensor_x86_v10.0.14\zigbee\debug\errorpathloss.obj
c:\users\upal\desktop\v10.0.14_x86\temperature_sensor_x86_v10.0.14\zigbee\debug\locatebackoffboundary.obj
c:\users\upal\desktop\v10.0.14_x86\temperature_sensor_x86_v10.0.14\zigbee\debug\matlab_interface.obj
c:\users\upal\desktop\v10.0.14_x86\temperature_sensor_x86_v10.0.14\zigbee\debug\sensor.obj
c:\users\upal\desktop\v10.0.14_x86\temperature_sensor_x86_v10.0.14\zigbee\debug\shadowloss.obj
c:\users\upal\desktop\v10.0.14_x86\temperature_sensor_x86_v10.0.14\zigbee\debug\sinrcalculation.obj
c:\users\upal\desktop\v10.0.14_x86\temperature_sensor_x86_v10.0.14\zigbee\debug\slottedcsmaca.obj
c:\users\upal\desktop\v10.0.14_x86\temperature_sensor_x86_v10.0.14\zigbee\debug\superframe.obj
c:\users\upal\desktop\v10.0.14_x86\temperature_sensor_x86_v10.0.14\zigbee\debug\temperature_sensor.obj
c:\users\upal\desktop\v10.0.14_x86\temperature_sensor_x86_v10.0.14\zigbee\debug\unslottedcsmaca.obj
c:\users\upal\desktop\v10.0.14_x86\temperature_sensor_x86_v10.0.14\dll\libzigbee.dll
c:\users\upal\desktop\v10.0.14_x86\temperature_sensor_x86_v10.0.14\dll\zigbee.pdb
c:\users\upal\desktop\v10.0.14_x86\temperature_sensor_x86_v10.0.14\dll\zigbee.lib
c:\users\upal\desktop\v10.0.14_x86\temperature_sensor_x86_v10.0.14\dll\zigbee.exp
c:\users\upal\desktop\v10.0.14_x86\temperature_sensor_x86_v10.0.14\zigbee\debug\zigbee.tlog\cl.command.1.tlog
c:\users\upal\desktop\v10.0.14_x86\temperature_sensor_x86_v10.0.14\zigbee\debug\zigbee.tlog\cl.read.1.tlog
c:\users\upal\desktop\v10.0.14_x86\temperature_sensor_x86_v10.0.14\zigbee\debug\zigbee.tlog\cl.write.1.tlog
c:\users\upal\desktop\v10.0.14_x86\temperature_sensor_x86_v10.0.14\zigbee\debug\zigbee.tlog\link.command.1.tlog
c:\users\upal\desktop\v10.0.14_x86\temperature_sensor_x86_v10.0.14\zigbee\debug\zigbee.tlog\link.read.1.tlog
c:\users\upal\desktop\v10.0.14_x86\temperature_sensor_x86_v10.0.14\zigbee\debug\zigbee.tlog\link.write.1.tlog
c:\users\upal\desktop\v10.0.14_x86\temperature_sensor_x86_v10.0.14\zigbee\debug\zigbee.tlog\zigbee.write.1u.tlog
